#
# A fatal error has been detected by the Java Runtime Environment:
#
#  EXCEPTION_ACCESS_VIOLATION (0xc0000005) at pc=0x00007ffc5109c518, pid=8116, tid=1892
#
# JRE version: Java(TM) SE Runtime Environment (8.0_45-b14) (build 1.8.0_45-b14)
# Java VM: Java HotSpot(TM) 64-Bit Server VM (25.45-b02 mixed mode windows-amd64 compressed oops)
# Problematic frame:
# C  [ntdll.dll+0x2c518]
#
# Failed to write core dump. Minidumps are not enabled by default on client versions of Windows
#
# If you would like to submit a bug report, please visit:
#   http://bugreport.java.com/bugreport/crash.jsp
#

---------------  T H R E A D  ---------------

Current thread (0x000000000af89800):  VMThread [stack: 0x000000000cc60000,0x000000000cd60000] [id=1892]

siginfo: ExceptionCode=0xc0000005, reading address 0xffffffffffffffff

Registers:
RAX=0x3e340000feffffff, RBX=0x0000000001030000, RCX=0x00000000c85de45f, RDX=0x0000000080000000
RSP=0x000000000cd5ec80, RBP=0x000000000103d680, RSI=0x000000000103d680, RDI=0x000000000e8384e0
R8 =0x00000000010326e4, R9 =0x000000000000001b, R10=0x00007ffc51174dc0, R11=0x000000000cd5ee30
R12=0x0000000000000013, R13=0x0000000001030150, R14=0x0000000001032640, R15=0x000000000103d690
RIP=0x00007ffc5109c518, EFLAGS=0x0000000000010293

Top of Stack: (sp=0x000000000cd5ec80)
0x000000000cd5ec80:   0000000001037c70 00000000002e7000
0x000000000cd5ec90:   0000000000000014 0000000000000058
0x000000000cd5eca0:   0000000000a80000 00007ffc00000001
0x000000000cd5ecb0:   0000000000b4ca60 0000000000b4aa40
0x000000000cd5ecc0:   0000000000000001 0000000000000000
0x000000000cd5ecd0:   0000000000000001 0000000000000113
0x000000000cd5ece0:   0000000000b17001 00000000b6af5c00
0x000000000cd5ecf0:   0000000000b16001 0000000000000061
0x000000000cd5ed00:   0000037f00addf40 0000000000000001
0x000000000cd5ed10:   000000000b00000b 0000000000000000
0x000000000cd5ed20:   0000000000a80000 0000000000000000
0x000000000cd5ed30:   0000000000000113 0000000000af0e80
0x000000000cd5ed40:   000000002e00002e 0000000000000000
0x000000000cd5ed50:   000000009100ec7d 0000000000000004
0x000000000cd5ed60:   0000000000af1060 0000000000ae8fc0
0x000000000cd5ed70:   0000000020010021 00007ffc5109c667 

Instructions: (pc=0x00007ffc5109c518)
0x00007ffc5109c4f8:   8b b4 24 50 02 00 00 66 89 44 24 6a 0f b7 c0 4c
0x00007ffc5109c508:   3b f8 0f 87 00 0f 00 00 4c 8d 7e 10 48 8b 47 08
0x00007ffc5109c518:   48 8b 08 48 3b cf 0f 85 fb 0e 00 00 49 89 3f 49
0x00007ffc5109c528:   89 47 08 4c 89 38 4c 89 7f 08 0f b7 46 08 48 01 


Register to memory mapping:

RAX=0x3e340000feffffff is an unknown value
RBX=0x0000000001030000 is an unknown value
RCX=0x00000000c85de45f is an unknown value
RDX=0x0000000080000000 is an unknown value
RSP=0x000000000cd5ec80 is an unknown value
RBP=0x000000000103d680 is an unknown value
RSI=0x000000000103d680 is an unknown value
RDI=0x000000000e8384e0 is an unknown value
R8 =0x00000000010326e4 is an unknown value
R9 =0x000000000000001b is an unknown value
R10=0x00007ffc51174dc0 is an unknown value
R11=0x000000000cd5ee30 is an unknown value
R12=0x0000000000000013 is an unknown value
R13=0x0000000001030150 is an unknown value
R14=0x0000000001032640 is an unknown value
R15=0x000000000103d690 is an unknown value


Stack: [0x000000000cc60000,0x000000000cd60000],  sp=0x000000000cd5ec80,  free space=1019k
Native frames: (J=compiled Java code, j=interpreted, Vv=VM code, C=native code)
C  [ntdll.dll+0x2c518]

VM_Operation (0x000000000ee0f120): Exit, mode: safepoint, requested by thread 0x000000000ded6000


---------------  P R O C E S S  ---------------

Java Threads: ( => current thread )
  0x000000000e39e800 JavaThread "LWJGL Timer" daemon [_thread_blocked, id=5124, stack(0x000000001e7a0000,0x000000001e8a0000)]
  0x000000000281e000 JavaThread "DestroyJavaVM" [_thread_blocked, id=7312, stack(0x00000000028b0000,0x00000000029b0000)]
  0x000000000ded6000 JavaThread "LWJGL Application" [_thread_blocked, id=5816, stack(0x000000000ed10000,0x000000000ee10000)]
  0x000000000d029000 JavaThread "Service Thread" daemon [_thread_blocked, id=2760, stack(0x000000000d960000,0x000000000da60000)]
  0x000000000cf93800 JavaThread "C1 CompilerThread3" daemon [_thread_blocked, id=1168, stack(0x000000000d860000,0x000000000d960000)]
  0x000000000cf92000 JavaThread "C2 CompilerThread2" daemon [_thread_blocked, id=7668, stack(0x000000000d760000,0x000000000d860000)]
  0x000000000cf8a800 JavaThread "C2 CompilerThread1" daemon [_thread_blocked, id=8532, stack(0x000000000d660000,0x000000000d760000)]
  0x000000000af9d800 JavaThread "C2 CompilerThread0" daemon [_thread_blocked, id=7412, stack(0x000000000d560000,0x000000000d660000)]
  0x000000000af9c000 JavaThread "Attach Listener" daemon [_thread_blocked, id=2432, stack(0x000000000d460000,0x000000000d560000)]
  0x000000000af9b000 JavaThread "Signal Dispatcher" daemon [_thread_blocked, id=9520, stack(0x000000000d360000,0x000000000d460000)]
  0x0000000002aab800 JavaThread "Finalizer" daemon [_thread_blocked, id=7016, stack(0x000000000ce60000,0x000000000cf60000)]
  0x0000000002aa5000 JavaThread "Reference Handler" daemon [_thread_blocked, id=3424, stack(0x000000000cd60000,0x000000000ce60000)]

Other Threads:
=>0x000000000af89800 VMThread [stack: 0x000000000cc60000,0x000000000cd60000] [id=1892]

VM state:at safepoint (shutting down)

VM Mutex/Monitor currently owned by a thread:  ([mutex/lock_event])
[0x000000000281d6f0] Threads_lock - owner thread: 0x000000000af89800

Heap:
 PSYoungGen      total 57344K, used 20454K [0x0000000780900000, 0x0000000784900000, 0x00000007c0000000)
  eden space 49152K, 41% used [0x0000000780900000,0x0000000781cf9b18,0x0000000783900000)
  from space 8192K, 0% used [0x0000000784100000,0x0000000784100000,0x0000000784900000)
  to   space 8192K, 0% used [0x0000000783900000,0x0000000783900000,0x0000000784100000)
 ParOldGen       total 131072K, used 0K [0x0000000701a00000, 0x0000000709a00000, 0x0000000780900000)
  object space 131072K, 0% used [0x0000000701a00000,0x0000000701a00000,0x0000000709a00000)
 Metaspace       used 6918K, capacity 7203K, committed 7424K, reserved 1056768K
  class space    used 641K, capacity 688K, committed 768K, reserved 1048576K

Card table byte_map: [0x0000000002e70000,0x0000000003470000] byte_map_base: 0xffffffffff663000

Marking Bits: (ParMarkBitMap*) 0x0000000058514040
 Begin Bits: [0x0000000004070000, 0x0000000007008000)
 End Bits:   [0x0000000007008000, 0x0000000009fa0000)

Polling page: 0x0000000001020000

CodeCache: size=245760Kb used=4130Kb max_used=4130Kb free=241629Kb
 bounds [0x000000000f010000, 0x000000000f420000, 0x000000001e010000]
 total_blobs=1308 nmethods=867 adapters=354
 compilation: enabled

Compilation events (10 events):
Event: 93.435 Thread 0x000000000cf92000  863       4       org.lwjgl.MemoryUtilSun$AccessorUnsafe::getAddress (13 bytes)
Event: 93.436 Thread 0x000000000cf92000 nmethod 863 0x000000000f3f4c50 code [0x000000000f3f4d80, 0x000000000f3f4df8]
Event: 93.605 Thread 0x000000000af9d800  864   !   4       org.lwjgl.opengl.Display::update (154 bytes)
Event: 93.621 Thread 0x000000000cf8a800  865   !   4       org.lwjgl.opengl.Display::isActive (38 bytes)
Event: 93.624 Thread 0x000000000cf8a800 nmethod 865 0x000000000f3ef010 code [0x000000000f3ef160, 0x000000000f3ef3b8]
Event: 93.626 Thread 0x000000000af9d800 nmethod 864 0x000000000f3f1850 code [0x000000000f3f1a40, 0x000000000f3f2860]
Event: 94.536 Thread 0x000000000cf93800  866       3       java.nio.HeapByteBuffer::put (16 bytes)
Event: 94.537 Thread 0x000000000cf93800 nmethod 866 0x000000000f3f8910 code [0x000000000f3f8aa0, 0x000000000f3f8e48]
Event: 95.512 Thread 0x000000000cf93800  867       3       java.io.WinNTFileSystem::normalize (231 bytes)
Event: 95.515 Thread 0x000000000cf93800 nmethod 867 0x000000000f41a0d0 code [0x000000000f41a4c0, 0x000000000f41d8c8]

GC Heap History (0 events):
No events

Deoptimization events (5 events):
Event: 0.486 Thread 0x000000000ded6000 Uncommon trap: reason=unstable_if action=reinterpret pc=0x000000000f21c3a4 method=javazoom.jl.decoder.huffcodetab.huffman_decoder(Ljavazoom/jl/decoder/huffcodetab;[I[I[I[ILjavazoom/jl/decoder/BitReserve;)I @ 27
Event: 1.132 Thread 0x000000000ded6000 Uncommon trap: reason=unstable_if action=reinterpret pc=0x000000000f2b5020 method=javazoom.jl.decoder.BitReserve.hgetbits(I)I @ 22
Event: 13.455 Thread 0x000000000ded6000 Uncommon trap: reason=unstable_if action=reinterpret pc=0x000000000f2268d0 method=javazoom.jl.decoder.BitReserve.hgetbits(I)I @ 22
Event: 46.473 Thread 0x000000000ded6000 Uncommon trap: reason=predicate action=maybe_recompile pc=0x000000000f2df1e8 method=javazoom.jl.decoder.LayerIIIDecoder.decode()V @ 153
Event: 95.503 Thread 0x000000000ded6000 Uncommon trap: reason=unstable_if action=reinterpret pc=0x000000000f416474 method=Views.MainMenuView.render(F)V @ 40

Internal exceptions (10 events):
Event: 0.102 Thread 0x000000000281e000 Exception <a 'java/security/PrivilegedActionException'> (0x0000000780c890e8) thrown at [C:\re\workspace\8-2-build-windows-amd64-cygwin\jdk8u45\3457\hotspot\src\share\vm\prims\jvm.cpp, line 1382]
Event: 0.102 Thread 0x000000000281e000 Exception <a 'java/security/PrivilegedActionException'> (0x0000000780c892a0) thrown at [C:\re\workspace\8-2-build-windows-amd64-cygwin\jdk8u45\3457\hotspot\src\share\vm\prims\jvm.cpp, line 1382]
Event: 0.102 Thread 0x000000000281e000 Exception <a 'java/security/PrivilegedActionException'> (0x0000000780c8cd98) thrown at [C:\re\workspace\8-2-build-windows-amd64-cygwin\jdk8u45\3457\hotspot\src\share\vm\prims\jvm.cpp, line 1382]
Event: 0.102 Thread 0x000000000281e000 Exception <a 'java/security/PrivilegedActionException'> (0x0000000780c8cf50) thrown at [C:\re\workspace\8-2-build-windows-amd64-cygwin\jdk8u45\3457\hotspot\src\share\vm\prims\jvm.cpp, line 1382]
Event: 0.210 Thread 0x000000000281e000 Exception <a 'java/security/PrivilegedActionException'> (0x0000000780e5ab40) thrown at [C:\re\workspace\8-2-build-windows-amd64-cygwin\jdk8u45\3457\hotspot\src\share\vm\prims\jvm.cpp, line 1382]
Event: 0.210 Thread 0x000000000281e000 Exception <a 'java/security/PrivilegedActionException'> (0x0000000780e5c768) thrown at [C:\re\workspace\8-2-build-windows-amd64-cygwin\jdk8u45\3457\hotspot\src\share\vm\prims\jvm.cpp, line 1382]
Event: 0.210 Thread 0x000000000281e000 Exception <a 'java/security/PrivilegedActionException'> (0x0000000780e5d828) thrown at [C:\re\workspace\8-2-build-windows-amd64-cygwin\jdk8u45\3457\hotspot\src\share\vm\prims\jvm.cpp, line 1382]
Event: 0.211 Thread 0x000000000281e000 Exception <a 'java/security/PrivilegedActionException'> (0x0000000780e62820) thrown at [C:\re\workspace\8-2-build-windows-amd64-cygwin\jdk8u45\3457\hotspot\src\share\vm\prims\jvm.cpp, line 1382]
Event: 0.211 Thread 0x000000000281e000 Exception <a 'java/security/PrivilegedActionException'> (0x0000000780e633c8) thrown at [C:\re\workspace\8-2-build-windows-amd64-cygwin\jdk8u45\3457\hotspot\src\share\vm\prims\jvm.cpp, line 1382]
Event: 0.211 Thread 0x000000000281e000 Exception <a 'java/security/PrivilegedActionException'> (0x0000000780e63f40) thrown at [C:\re\workspace\8-2-build-windows-amd64-cygwin\jdk8u45\3457\hotspot\src\share\vm\prims\jvm.cpp, line 1382]

Events (10 events):
Event: 95.549 loading class java/util/HashMap$Values done
Event: 95.549 loading class java/util/HashMap$ValueIterator
Event: 95.549 loading class java/util/HashMap$ValueIterator done
Event: 95.549 loading class java/util/IdentityHashMap$KeySet
Event: 95.549 loading class java/util/IdentityHashMap$KeySet done
Event: 95.550 loading class java/util/IdentityHashMap$KeyIterator
Event: 95.550 loading class java/util/IdentityHashMap$IdentityHashMapIterator
Event: 95.550 loading class java/util/IdentityHashMap$IdentityHashMapIterator done
Event: 95.550 loading class java/util/IdentityHashMap$KeyIterator done
Event: 95.550 Executing VM operation: Exit


Dynamic libraries:
0x00007ff6d9c60000 - 0x00007ff6d9c97000 	C:\Program Files\Java\jre1.8.0_45\bin\javaw.exe
0x00007ffc51070000 - 0x00007ffc51231000 	C:\WINDOWS\SYSTEM32\ntdll.dll
0x00007ffc50f50000 - 0x00007ffc50ffd000 	C:\WINDOWS\system32\KERNEL32.DLL
0x00007ffc4e4a0000 - 0x00007ffc4e67d000 	C:\WINDOWS\system32\KERNELBASE.dll
0x00007ffc50d80000 - 0x00007ffc50e26000 	C:\WINDOWS\system32\ADVAPI32.dll
0x00007ffc50230000 - 0x00007ffc502cd000 	C:\WINDOWS\system32\msvcrt.dll
0x00007ffc50820000 - 0x00007ffc5087b000 	C:\WINDOWS\system32\sechost.dll
0x00007ffc4eb40000 - 0x00007ffc4ec66000 	C:\WINDOWS\system32\RPCRT4.dll
0x00007ffc4e9f0000 - 0x00007ffc4eb3e000 	C:\WINDOWS\system32\USER32.dll
0x00007ffc50bf0000 - 0x00007ffc50d76000 	C:\WINDOWS\system32\GDI32.dll
0x00007ffc47410000 - 0x00007ffc47684000 	C:\WINDOWS\WinSxS\amd64_microsoft.windows.common-controls_6595b64144ccf1df_6.0.10240.16384_none_f41f7b285750ef43\COMCTL32.dll
0x00007ffc502d0000 - 0x00007ffc50306000 	C:\WINDOWS\system32\IMM32.DLL
0x00007ffc4e740000 - 0x00007ffc4e89c000 	C:\WINDOWS\system32\MSCTF.dll
0x00007ffc4d990000 - 0x00007ffc4d9c1000 	C:\Windows\system32\nvinitx.dll
0x00007ffc4d980000 - 0x00007ffc4d98a000 	C:\WINDOWS\SYSTEM32\VERSION.dll
0x000000000f000000 - 0x000000000f006000 	C:\Program Files\NVIDIA Corporation\CoProcManager\_etoured.dll
0x00007ffc4bc60000 - 0x00007ffc4bc92000 	C:\Program Files\NVIDIA Corporation\CoProcManager\nvd3d9wrapx.dll
0x00007ffc50650000 - 0x00007ffc50815000 	C:\WINDOWS\system32\SETUPAPI.dll
0x00007ffc4e450000 - 0x00007ffc4e494000 	C:\WINDOWS\system32\CFGMGR32.dll
0x00007ffc4bc30000 - 0x00007ffc4bc52000 	C:\Program Files\NVIDIA Corporation\CoProcManager\nvdxgiwrapx.dll
0x0000000057840000 - 0x0000000057912000 	C:\Program Files\Java\jre1.8.0_45\bin\msvcr100.dll
0x0000000057d10000 - 0x0000000058593000 	C:\Program Files\Java\jre1.8.0_45\bin\server\jvm.dll
0x00007ffc501a0000 - 0x00007ffc501a8000 	C:\WINDOWS\system32\PSAPI.DLL
0x00007ffc4bba0000 - 0x00007ffc4bbc3000 	C:\WINDOWS\SYSTEM32\WINMM.dll
0x00007ffc49d10000 - 0x00007ffc49d19000 	C:\WINDOWS\SYSTEM32\WSOCK32.dll
0x00007ffc51000000 - 0x00007ffc51069000 	C:\WINDOWS\system32\WS2_32.dll
0x00007ffc501b0000 - 0x00007ffc501b8000 	C:\WINDOWS\system32\NSI.dll
0x0000000000ff0000 - 0x000000000101c000 	C:\WINDOWS\SYSTEM32\WINMMBASE.dll
0x00007ffc4c320000 - 0x00007ffc4c347000 	C:\WINDOWS\SYSTEM32\DEVOBJ.dll
0x0000000057d00000 - 0x0000000057d0f000 	C:\Program Files\Java\jre1.8.0_45\bin\verify.dll
0x0000000057cd0000 - 0x0000000057cf9000 	C:\Program Files\Java\jre1.8.0_45\bin\java.dll
0x0000000057cb0000 - 0x0000000057cc6000 	C:\Program Files\Java\jre1.8.0_45\bin\zip.dll
0x00007ffc4ec70000 - 0x00007ffc50192000 	C:\WINDOWS\system32\SHELL32.dll
0x00007ffc4db40000 - 0x00007ffc4e168000 	C:\WINDOWS\system32\windows.storage.dll
0x00007ffc50310000 - 0x00007ffc5058c000 	C:\WINDOWS\system32\combase.dll
0x00007ffc505f0000 - 0x00007ffc50641000 	C:\WINDOWS\system32\shlwapi.dll
0x00007ffc4db30000 - 0x00007ffc4db3f000 	C:\WINDOWS\system32\kernel.appcore.dll
0x00007ffc4e680000 - 0x00007ffc4e733000 	C:\WINDOWS\system32\shcore.dll
0x00007ffc4dac0000 - 0x00007ffc4db0a000 	C:\WINDOWS\system32\powrprof.dll
0x00007ffc4daa0000 - 0x00007ffc4dab3000 	C:\WINDOWS\system32\profapi.dll
0x0000000065580000 - 0x0000000065616000 	C:\Users\Owner\AppData\Local\Temp\libgdxCorey\12247155\gdx64.dll
0x00007ffc4d310000 - 0x00007ffc4d327000 	C:\WINDOWS\SYSTEM32\CRYPTSP.dll
0x00007ffc4d9d0000 - 0x00007ffc4d9f8000 	C:\WINDOWS\SYSTEM32\bcrypt.dll
0x00007ffc4cf70000 - 0x00007ffc4cfa3000 	C:\WINDOWS\system32\rsaenh.dll
0x00007ffc4d110000 - 0x00007ffc4d12f000 	C:\WINDOWS\SYSTEM32\USERENV.dll
0x00007ffc4d870000 - 0x00007ffc4d8db000 	C:\WINDOWS\system32\bcryptprimitives.dll
0x00007ffc4d480000 - 0x00007ffc4d48b000 	C:\WINDOWS\SYSTEM32\CRYPTBASE.dll
0x0000000057c90000 - 0x0000000057caa000 	C:\Program Files\Java\jre1.8.0_45\bin\net.dll
0x00007ffc4d2b0000 - 0x00007ffc4d30d000 	C:\WINDOWS\system32\mswsock.dll
0x00007ffc4b520000 - 0x00007ffc4b558000 	C:\WINDOWS\SYSTEM32\IPHLPAPI.DLL
0x00007ffc4b500000 - 0x00007ffc4b50b000 	C:\WINDOWS\SYSTEM32\WINNSI.DLL
0x00007ffc490e0000 - 0x00007ffc490f6000 	C:\WINDOWS\SYSTEM32\dhcpcsvc6.DLL
0x00007ffc490c0000 - 0x00007ffc490da000 	C:\WINDOWS\SYSTEM32\dhcpcsvc.DLL
0x0000000057c70000 - 0x0000000057c81000 	C:\Program Files\Java\jre1.8.0_45\bin\nio.dll
0x0000000180000000 - 0x0000000180053000 	C:\Users\Owner\AppData\Local\Temp\libgdxCorey\dc0f0009\lwjgl64.dll
0x00007ffc40f40000 - 0x00007ffc41068000 	C:\WINDOWS\SYSTEM32\OPENGL32.dll
0x00007ffc44510000 - 0x00007ffc4453e000 	C:\WINDOWS\SYSTEM32\GLU32.dll
0x00007ffc3e9a0000 - 0x00007ffc3ea96000 	C:\WINDOWS\SYSTEM32\DDRAW.dll
0x00007ffc46400000 - 0x00007ffc46408000 	C:\WINDOWS\SYSTEM32\DCIMAN32.dll
0x0000000002820000 - 0x0000000002884000 	C:\Users\Owner\AppData\Local\Temp\libgdxCorey\dc0f0009\OpenAL64.dll
0x00007ffc4e8a0000 - 0x00007ffc4e9e1000 	C:\WINDOWS\system32\ole32.dll
0x00007ffc4c440000 - 0x00007ffc4c4d6000 	C:\WINDOWS\system32\uxtheme.dll
0x00007ffc50ea0000 - 0x00007ffc50f45000 	C:\WINDOWS\system32\clbcatq.dll
0x00007ffc4b8c0000 - 0x00007ffc4ba43000 	C:\WINDOWS\System32\PROPSYS.dll
0x00007ffc50880000 - 0x00007ffc5093e000 	C:\WINDOWS\system32\OLEAUT32.dll
0x00007ffc3b860000 - 0x00007ffc3b8fc000 	C:\WINDOWS\SYSTEM32\dsound.dll
0x00007ffc48460000 - 0x00007ffc484d2000 	C:\WINDOWS\System32\MMDevApi.dll
0x00007ffc33e00000 - 0x00007ffc33e85000 	C:\WINDOWS\SYSTEM32\AUDIOSES.DLL
0x00007ffc47840000 - 0x00007ffc47971000 	C:\WINDOWS\SYSTEM32\wintypes.dll
0x00007ffc4b260000 - 0x00007ffc4b282000 	C:\WINDOWS\system32\dwmapi.dll
0x00007ffc4e340000 - 0x00007ffc4e394000 	C:\WINDOWS\system32\WINTRUST.dll
0x00007ffc4db10000 - 0x00007ffc4db21000 	C:\WINDOWS\system32\MSASN1.dll
0x00007ffc4e170000 - 0x00007ffc4e331000 	C:\WINDOWS\system32\CRYPT32.dll
0x00007ffc29b60000 - 0x00007ffc2a393000 	C:\WINDOWS\SYSTEM32\ig7icd64.dll
0x00007ffc49d40000 - 0x00007ffc4a19f000 	C:\WINDOWS\SYSTEM32\igdusc64.dll
0x00007ffc4ba50000 - 0x00007ffc4ba63000 	C:\WINDOWS\SYSTEM32\WTSAPI32.dll
0x00007ffc48970000 - 0x00007ffc48a01000 	C:\WINDOWS\SYSTEM32\mscms.dll
0x00007ffc34f10000 - 0x00007ffc34f52000 	C:\WINDOWS\SYSTEM32\icm32.dll

VM Arguments:
jvm_args: -Dfile.encoding=Cp1252 
java_command: Controllers.setupController
java_class_path (initial): D:\Desktop\CMPT_370\robosport370\bin;D:\Desktop\CMPT_370\robosport370\libs\gdx-1.7.1.jar;D:\Desktop\CMPT_370\robosport370\libs\gdx-backend-lwjgl-1.7.1.jar;D:\Desktop\CMPT_370\robosport370\libs\gdx-box2d-platform-1.7.1-natives-desktop.jar;D:\Desktop\CMPT_370\robosport370\libs\gdx-platform-1.7.1-natives-desktop.jar;D:\Desktop\CMPT_370\robosport370\libs\jinput-2.0.5.jar;D:\Desktop\CMPT_370\robosport370\libs\jinput-platform-2.0.5-natives-linux.jar;D:\Desktop\CMPT_370\robosport370\libs\jinput-platform-2.0.5-natives-osx.jar;D:\Desktop\CMPT_370\robosport370\libs\jinput-platform-2.0.5-natives-windows.jar;D:\Desktop\CMPT_370\robosport370\libs\jlayer-1.0.1-gdx.jar;D:\Desktop\CMPT_370\robosport370\libs\jorbis-0.0.17.jar;D:\Desktop\CMPT_370\robosport370\libs\jutils-1.0.0.jar;D:\Desktop\CMPT_370\robosport370\libs\lwjgl_util-2.9.2.jar;D:\Desktop\CMPT_370\robosport370\libs\lwjgl-2.9.2.jar;D:\Desktop\CMPT_370\robosport370\libs\lwjgl-platform-2.9.2-natives-linux.jar;D:\Desktop\CMPT_370\robosport370\libs\lwjgl-platform-2.9.2-natives-osx.jar;D:\Desktop\CMPT_370\robosport370\libs\lwjgl-platform-2.9.2-natives-windows.jar
Launcher Type: SUN_STANDARD

Environment Variables:
PATH=C:/Program Files/Java/jre1.8.0_45/bin/server;C:/Program Files/Java/jre1.8.0_45/bin;C:/Program Files/Java/jre1.8.0_45/lib/amd64;C:\ProgramData\Oracle\Java\javapath;C:\Program Files (x86)\Intel\iCLS Client\;C:\Program Files\Intel\iCLS Client\;C:\WINDOWS\system32;C:\WINDOWS;C:\WINDOWS\System32\Wbem;C:\WINDOWS\System32\WindowsPowerShell\v1.0\;C:\Program Files (x86)\Intel\OpenCL SDK\2.0\bin\x86;C:\Program Files (x86)\Intel\OpenCL SDK\2.0\bin\x64;C:\Program Files\Intel\Intel(R) Management Engine Components\DAL;C:\Program Files\Intel\Intel(R) Management Engine Components\IPT;C:\Program Files (x86)\Intel\Intel(R) Management Engine Components\DAL;C:\Program Files (x86)\Intel\Intel(R) Management Engine Components\IPT;C:\Program Files (x86)\NVIDIA Corporation\PhysX\Common;C:\Program Files (x86)\QuickTime\QTSystem\;C:\WINDOWS\system32;C:\WINDOWS;C:\WINDOWS\System32\Wbem;C:\WINDOWS\System32\WindowsPowerShell\v1.0\;C:\Program Files (x86)\Windows Kits\8.1\Windows Performance Toolkit\;C:\Program Files (x86)\Skype\Phone\;C:\Program Files (x86)\Intel\iCLS Client\;C:\Program Files\Intel\iCLS Client\;C:\Program Files (x86)\NVIDIA Corporation\PhysX\Common;C:\WINDOWS\system32;C:\WINDOWS;C:\WINDOWS\System32\Wbem;C:\WINDOWS\System32\WindowsPowerShell\v1.0\;C:\Program Files (x86)\Intel\OpenCL SDK\2.0\bin\x86;C:\Program Files (x86)\Intel\OpenCL SDK\2.0\bin\x64;C:\Program Files\Intel\Intel(R) Management Engine Components\DAL;C:\Program Files\Intel\Intel(R) Management Engine Components\IPT;C:\Program Files (x86)\Intel\Intel(R) Management Engine Components\DAL;C:\Program Files (x86)\Intel\Intel(R) Management Engine Components\IPT;.;;C:\Python27;C:\Users\Owner\eclipse\java-mars\eclipse;
USERNAME=Corey
OS=Windows_NT
PROCESSOR_IDENTIFIER=Intel64 Family 6 Model 58 Stepping 9, GenuineIntel



---------------  S Y S T E M  ---------------

OS: Windows 10.0 , 64 bit Build 10240 (10.0.10240.16384)

CPU:total 8 (4 cores per cpu, 2 threads per core) family 6 model 58 stepping 9, cmov, cx8, fxsr, mmx, sse, sse2, sse3, ssse3, sse4.1, sse4.2, popcnt, avx, aes, clmul, erms, ht, tsc, tscinvbit, tscinv

Memory: 4k page, physical 12471968k(7863444k free), swap 14372512k(7819152k free)

vm_info: Java HotSpot(TM) 64-Bit Server VM (25.45-b02) for windows-amd64 JRE (1.8.0_45-b14), built on Apr 10 2015 10:34:15 by "java_re" with MS VC++ 10.0 (VS2010)

time: Sun Nov 15 21:22:45 2015
elapsed time: 102 seconds (0d 0h 1m 42s)

